2019-05-14 12:46:55,654 FRA0040_Flaubert-Bovary: No publication year found!
2019-05-14 12:46:55,654 FRA0040_Flaubert-Bovary: No publication year found!
2019-05-14 12:46:56,005 FR0040: No publication year found!
2019-05-14 12:46:56,005 FR0040: No publication year found!
2019-05-14 12:46:56,161 FRA0040_Flaubert-Bovary: No publication year found!
2019-05-14 12:46:56,596 FRA0040_Flaubert-Bovary: No publication year found!
2019-05-14 12:46:56,749 FR0040: No publication year found!
2019-05-14 12:46:56,867 FR0302: No search result in worldcat! Search strings: title: 'Les Trappeurs d'Arkansas', author: 'Aimard'
2019-05-14 12:46:57,357 FRA0052_Maupassant: No publication year found!
2019-05-14 12:46:57,915 FRA0040_Flaubert-Bovary: No publication year found!
2019-05-14 12:46:57,916 FRA0040_Flaubert-Bovary: No publication year found!
2019-05-14 12:46:58,500 FR0040: No publication year found!
2019-05-14 12:46:58,671 FR0040: No publication year found!
2019-05-14 12:46:58,672 FR0040: No publication year found!
2019-05-14 12:46:59,135 FR0040: No publication year found!
2019-05-14 12:46:59,135 FR0040: No publication year found!
2019-05-14 12:46:59,233 FR0040: No publication year found!
2019-05-14 12:46:59,233 FR0040: No publication year found!
2019-05-14 12:46:59,449 FRA0040_Flaubert-Bovary: No publication year found!
2019-05-14 12:46:59,545 FRA0040_Flaubert-Bovary: No publication year found!
2019-05-14 12:46:59,658 FRA0040_Flaubert-Bovary: No publication year found!
2019-05-14 12:46:59,814 FR0040: No publication year found!
2019-05-14 12:47:00,331 FRA0302_Aimard_Trappeurs: No search result in worldcat! Search strings: title: 'Les Trappeurs d'Arkansas', author: 'Aimard'
2019-05-14 12:47:00,399 FR0040: No publication year found!
2019-05-14 12:47:00,400 FR0040: No publication year found!
2019-05-14 12:47:00,849 FR0052: No publication year found!
2019-05-14 12:47:01,125 FRA0040_Flaubert-Bovary: No publication year found!
2019-05-14 12:47:01,616 FRA0302_Aimard_Trappeurs: No search result in worldcat! Search strings: title: 'Les Trappeurs d'Arkansas', author: 'Aimard'
2019-05-14 12:47:02,240 FRA0040_Flaubert-Bovary: No publication year found!
2019-05-14 12:47:02,296 FR0040: No publication year found!
2019-05-14 12:47:03,180 FRA0040_Flaubert-Bovary: No publication year found!
2019-05-14 12:47:03,180 FRA0040_Flaubert-Bovary: No publication year found!
2019-05-14 12:47:03,234 FRA0040_Flaubert-Bovary: No publication year found!
2019-05-14 12:49:46,208 FR0040: No publication year found!
2019-05-14 12:49:46,208 FR0040: No publication year found!
2019-05-14 12:49:46,537 FR0040: No publication year found!
2019-05-14 12:49:46,670 FR0302: No search result in worldcat! Search strings: title: 'Les Trappeurs d'Arkansas', author: 'Aimard'
2019-05-14 12:49:47,426 FR0040: No publication year found!
2019-05-14 12:49:47,538 FR0040: No publication year found!
2019-05-14 12:49:47,539 FR0040: No publication year found!
2019-05-14 12:49:47,974 FR0040: No publication year found!
2019-05-14 12:49:47,974 FR0040: No publication year found!
2019-05-14 12:49:48,039 FR0040: No publication year found!
2019-05-14 12:49:48,039 FR0040: No publication year found!
2019-05-14 12:49:48,296 FR0040: No publication year found!
2019-05-14 12:49:48,540 FR0040: No publication year found!
2019-05-14 12:49:48,540 FR0040: No publication year found!
2019-05-14 12:49:48,718 FR0052: No publication year found!
2019-05-14 12:49:49,599 FR0040: No publication year found!
2019-05-16 13:28:00,477 FR0040: No publication year found!
2019-05-16 13:28:00,478 FR0040: No publication year found!
2019-05-16 13:28:00,885 FR0040: No publication year found!
2019-05-16 13:28:01,029 FR0302: No search result in worldcat! Search strings: title: 'Les Trappeurs d'Arkansas', author: 'Aimard'
2019-05-16 13:28:01,819 FR0040: No publication year found!
2019-05-16 13:28:01,977 FR0040: No publication year found!
2019-05-16 13:28:01,978 FR0040: No publication year found!
2019-05-16 13:28:02,350 FR0040: No publication year found!
2019-05-16 13:28:02,350 FR0040: No publication year found!
2019-05-16 13:28:02,440 FR0040: No publication year found!
2019-05-16 13:28:02,440 FR0040: No publication year found!
2019-05-16 13:28:02,654 FR0040: No publication year found!
2019-05-16 13:28:02,886 FR0040: No publication year found!
2019-05-16 13:28:02,887 FR0040: No publication year found!
2019-05-16 13:28:03,048 FR0052: No publication year found!
2019-05-16 13:28:03,819 FR0040: No publication year found!
2019-05-17 14:10:17,961 FR0040: No publication year found!
2019-05-17 14:10:17,961 FR0040: No publication year found!
2019-05-17 14:10:18,291 FR0040: No publication year found!
2019-05-17 14:10:18,416 FR0302: No search result in worldcat! Search strings: title: 'Les Trappeurs d'Arkansas', author: 'Aimard'
2019-05-17 14:10:19,142 FR0040: No publication year found!
2019-05-17 14:10:19,251 FR0040: No publication year found!
2019-05-17 14:10:19,251 FR0040: No publication year found!
2019-05-17 14:10:19,617 FR0040: No publication year found!
2019-05-17 14:10:19,617 FR0040: No publication year found!
2019-05-17 14:10:19,706 FR0040: No publication year found!
2019-05-17 14:10:19,707 FR0040: No publication year found!
2019-05-17 14:10:19,928 FR0040: No publication year found!
2019-05-17 14:10:20,139 FR0040: No publication year found!
2019-05-17 14:10:20,140 FR0040: No publication year found!
2019-05-17 14:10:20,304 FR0052: No publication year found!
2019-05-17 14:10:21,088 FR0040: No publication year found!
2019-05-17 15:43:25,846 FR0040: No publication year found!
2019-05-17 15:43:25,847 FR0040: No publication year found!
2019-05-17 15:43:26,190 FR0040: No publication year found!
2019-05-17 15:43:26,324 FR0302: No search result in worldcat! Search strings: title: 'Les Trappeurs d'Arkansas', author: 'Aimard'
2019-05-17 15:43:27,139 FR0040: No publication year found!
2019-05-17 15:43:27,256 FR0040: No publication year found!
2019-05-17 15:43:27,256 FR0040: No publication year found!
2019-05-17 15:43:27,643 FR0040: No publication year found!
2019-05-17 15:43:27,643 FR0040: No publication year found!
2019-05-17 15:43:27,734 FR0040: No publication year found!
2019-05-17 15:43:27,734 FR0040: No publication year found!
2019-05-17 15:43:27,963 FR0040: No publication year found!
2019-05-17 15:43:28,198 FR0040: No publication year found!
2019-05-17 15:43:28,199 FR0040: No publication year found!
2019-05-17 15:43:28,371 FR0052: No publication year found!
2019-05-17 15:43:29,175 FR0040: No publication year found!
2019-05-17 15:53:16,539 FR0040: No publication year found!
2019-05-17 15:53:16,539 FR0040: No publication year found!
2019-05-17 15:53:16,913 FR0040: No publication year found!
2019-05-17 15:53:17,057 FR0302: No search result in worldcat! Search strings: title: 'Les Trappeurs d'Arkansas', author: 'Aimard'
2019-05-17 15:53:17,870 FR0040: No publication year found!
2019-05-17 15:53:17,990 FR0040: No publication year found!
2019-05-17 15:53:17,990 FR0040: No publication year found!
2019-05-17 15:53:18,390 FR0040: No publication year found!
2019-05-17 15:53:18,390 FR0040: No publication year found!
2019-05-17 15:53:18,489 FR0040: No publication year found!
2019-05-17 15:53:18,489 FR0040: No publication year found!
2019-05-17 15:53:18,750 FR0040: No publication year found!
2019-05-17 15:53:19,006 FR0040: No publication year found!
2019-05-17 15:53:19,007 FR0040: No publication year found!
2019-05-17 15:53:19,192 FR0052: No publication year found!
2019-05-17 15:53:20,047 FR0040: No publication year found!
2019-05-17 15:54:37,501 FR0040: No publication year found!
2019-05-17 15:54:37,502 FR0040: No publication year found!
2019-05-17 15:54:37,826 FR0040: No publication year found!
2019-05-17 15:54:38,641 FR0040: No publication year found!
2019-05-17 15:54:38,797 FR0040: No publication year found!
2019-05-17 15:54:38,797 FR0040: No publication year found!
2019-05-17 15:54:39,089 FR0040: No publication year found!
2019-05-17 15:54:39,089 FR0040: No publication year found!
2019-05-17 15:54:39,148 FR0040: No publication year found!
2019-05-17 15:54:39,148 FR0040: No publication year found!
2019-05-17 15:54:39,329 FR0040: No publication year found!
2019-05-17 15:54:39,507 FR0040: No publication year found!
2019-05-17 15:54:39,507 FR0040: No publication year found!
2019-05-17 15:54:40,242 FR0040: No publication year found!
2019-05-17 15:54:56,306 FR0040: No publication year found!
2019-05-17 15:54:56,306 FR0040: No publication year found!
2019-05-17 15:54:56,645 FR0040: No publication year found!
2019-05-17 15:54:57,431 FR0040: No publication year found!
2019-05-17 15:54:57,581 FR0040: No publication year found!
2019-05-17 15:54:57,582 FR0040: No publication year found!
2019-05-17 15:54:57,872 FR0040: No publication year found!
2019-05-17 15:54:57,872 FR0040: No publication year found!
2019-05-17 15:54:57,934 FR0040: No publication year found!
2019-05-17 15:54:57,935 FR0040: No publication year found!
2019-05-17 15:54:58,108 FR0040: No publication year found!
2019-05-17 15:54:58,289 FR0040: No publication year found!
2019-05-17 15:54:58,289 FR0040: No publication year found!
2019-05-17 15:54:59,052 FR0040: No publication year found!
2019-05-17 16:00:11,273 FR0040: No publication year found!
2019-05-17 16:00:11,273 FR0040: No publication year found!
2019-05-17 16:00:11,578 FR0040: No publication year found!
2019-05-17 16:00:12,300 FR0040: No publication year found!
2019-05-17 16:00:12,448 FR0040: No publication year found!
2019-05-17 16:00:12,449 FR0040: No publication year found!
2019-05-17 16:00:12,722 FR0040: No publication year found!
2019-05-17 16:00:12,722 FR0040: No publication year found!
2019-05-17 16:00:12,779 FR0040: No publication year found!
2019-05-17 16:00:12,780 FR0040: No publication year found!
2019-05-17 16:00:12,947 FR0040: No publication year found!
2019-05-17 16:00:13,114 FR0040: No publication year found!
2019-05-17 16:00:13,114 FR0040: No publication year found!
2019-05-17 16:00:13,813 FR0040: No publication year found!
2019-05-17 16:02:19,114 FR0040: No publication year found!
2019-05-17 16:02:19,114 FR0040: No publication year found!
2019-05-17 16:02:19,462 FR0040: No publication year found!
2019-05-17 16:02:19,598 FR0302: No search result in worldcat! Search strings: title: 'Les Trappeurs d'Arkansas', author: 'Aimard'
2019-05-17 16:02:20,490 FR0040: No publication year found!
2019-05-17 16:02:20,620 FR0040: No publication year found!
2019-05-17 16:02:20,621 FR0040: No publication year found!
2019-05-17 16:02:21,040 FR0040: No publication year found!
2019-05-17 16:02:21,040 FR0040: No publication year found!
2019-05-17 16:02:21,142 FR0040: No publication year found!
2019-05-17 16:02:21,143 FR0040: No publication year found!
2019-05-17 16:02:21,423 FR0040: No publication year found!
2019-05-17 16:02:21,673 FR0040: No publication year found!
2019-05-17 16:02:21,673 FR0040: No publication year found!
2019-05-17 16:02:21,880 FR0052: No publication year found!
2019-05-17 16:02:22,811 FR0040: No publication year found!
2019-05-17 16:04:30,110 FR0040: No publication year found!
2019-05-17 16:04:30,110 FR0040: No publication year found!
2019-05-17 16:04:30,238 FR0040: No publication year found!
2019-05-17 16:04:30,624 FR0040: No publication year found!
2019-05-17 16:04:30,624 FR0040: No publication year found!
2019-05-17 16:04:30,683 FR0040: No publication year found!
2019-05-17 16:04:30,918 FR0040: No publication year found!
2019-05-17 16:04:31,031 FR0040: No publication year found!
2019-05-17 16:04:31,031 FR0040: No publication year found!
2019-05-17 16:04:31,209 FR0040: No publication year found!
2019-05-17 16:04:31,210 FR0040: No publication year found!
2019-05-17 16:04:31,683 FR0040: No publication year found!
2019-05-17 16:04:32,164 FR0040: No publication year found!
2019-05-17 16:04:32,165 FR0040: No publication year found!
2019-05-17 16:04:33,294 FR0052: No publication year found!
2019-05-17 16:04:33,375 FR0302: No search result in worldcat! Search strings: title: 'Les Trappeurs d'Arkansas', author: 'Aimard'
